The system is: Windows - 10.0.22621 - AMD64
Compiling the CXX compiler identification source file "CMakeCXXCompilerId.cpp" succeeded.
Compiler: C:/Program Files (x86)/Microsoft Visual Studio/2019/Community/VC/Tools/MSVC/14.29.30133/bin/HostX64/x64/cl.exe 
Build flags: 
Id flags:  

The output was:
0
Microsoft (R) C/C++ Optimizing Compiler Version 19.29.30148 for x64
Copyright (C) Microsoft Corporation.  All rights reserved.

CMakeCXXCompilerId.cpp
Microsoft (R) Incremental Linker Version 14.29.30148.0
Copyright (C) Microsoft Corporation.  All rights reserved.

/out:CMakeCXXCompilerId.exe 
CMakeCXXCompilerId.obj 


Compilation of the CXX compiler identification source "CMakeCXXCompilerId.cpp" produced "CMakeCXXCompilerId.exe"

Compilation of the CXX compiler identification source "CMakeCXXCompilerId.cpp" produced "CMakeCXXCompilerId.obj"

The CXX compiler identification is MSVC, found in "C:/git-repos/gitlab-downloader/src/build-app-Desktop_Qt_5_15_2_MSVC2019_64bit-Release/CMakeFiles/3.25.1/CompilerIdCXX/CMakeCXXCompilerId.exe"

Detecting CXX compiler ABI info compiled with the following output:
Change Dir: C:/git-repos/gitlab-downloader/src/build-app-Desktop_Qt_5_15_2_MSVC2019_64bit-Release/CMakeFiles/CMakeScratch/TryCompile-jhx122

Run Build Command(s):C:/Qt/Tools/ninja.exe cmTC_8e51f && [1/2] Building CXX object CMakeFiles\cmTC_8e51f.dir\CMakeCXXCompilerABI.cpp.obj
[2/2] Linking CXX executable cmTC_8e51f.exe



