2023-12-29T17:37:13.949 [Info   ] <main> Configuring application...
2023-12-29T17:37:14.115 [Warning] <checkWarnMessage> QIODevice::read (QFile, "key.txt"): device not open
2023-12-29T17:37:14.116 [Warning] <checkWarnMessage> QIODevice::read (QFile, "key.txt"): device not open
2023-12-29T17:37:14.116 [Info   ] <DatabaseManager::getGitlabPrivateKey> GitlabPrivateKey =  ""
2023-12-29T17:37:14.506 [Info   ] <main> Starting the application!
2023-12-29T17:37:14.806 [Error  ] <(anonymous namespace)::testTask> QNetworkReply::AuthenticationRequiredError
2023-12-29T17:37:14.806 [Debug  ] <(anonymous namespace)::testTask> STATUS_CODE =  QVariant(int, 401) DATA =  "{\"message\":\"401 Unauthorized\"}"
2023-12-29T17:37:31.719 [Info   ] <main> Closing application!
2023-12-29T17:39:14.025 [Info   ] <main> Configuring application...
2023-12-29T17:39:14.211 [Warning] <checkWarnMessage> QIODevice::read (QFile, ".\key.txt"): device not open
2023-12-29T17:39:14.212 [Warning] <checkWarnMessage> QIODevice::read (QFile, ".\key.txt"): device not open
2023-12-29T17:39:14.212 [Info   ] <DatabaseManager::getGitlabPrivateKey> GitlabPrivateKey =  ""
2023-12-29T17:39:14.589 [Info   ] <main> Starting the application!
2023-12-29T17:39:14.916 [Error  ] <(anonymous namespace)::testTask> QNetworkReply::AuthenticationRequiredError
2023-12-29T17:39:14.916 [Debug  ] <(anonymous namespace)::testTask> STATUS_CODE =  QVariant(int, 401) DATA =  "{\"message\":\"401 Unauthorized\"}"
2023-12-29T17:39:24.048 [Info   ] <main> Closing application!
2023-12-29T17:40:15.856 [Info   ] <main> Configuring application...
2023-12-29T17:40:16.017 [Info   ] <main> Starting the application!
2023-12-29T17:40:47.709 [Info   ] <main> Closing application!
2023-12-29T17:40:50.477 [Info   ] <main> Configuring application...
2023-12-29T17:40:50.643 [Info   ] <main> Starting the application!
2023-12-29T17:40:57.490 [Info   ] <main> Closing application!
2023-12-29T17:42:18.533 [Info   ] <main> Configuring application...
2023-12-29T17:42:18.732 [Info   ] <main> Starting the application!
2023-12-29T17:42:25.417 [Info   ] <main> Closing application!
2023-12-29T17:44:27.196 [Info   ] <main> Configuring application...
2023-12-29T17:44:27.376 [Info   ] <DatabaseManager::getGitlabPrivateKey> file opened?:  false
2023-12-29T17:44:27.377 [Warning] <checkWarnMessage> QIODevice::read (QFile, "key.txt"): device not open
2023-12-29T17:44:27.377 [Warning] <checkWarnMessage> QIODevice::read (QFile, "key.txt"): device not open
2023-12-29T17:44:27.377 [Info   ] <DatabaseManager::getGitlabPrivateKey> GitlabPrivateKey =  ""
2023-12-29T17:44:27.755 [Info   ] <main> Starting the application!
2023-12-29T17:44:28.063 [Error  ] <(anonymous namespace)::testTask> QNetworkReply::AuthenticationRequiredError
2023-12-29T17:44:28.064 [Debug  ] <(anonymous namespace)::testTask> STATUS_CODE =  QVariant(int, 401) DATA =  "{\"message\":\"401 Unauthorized\"}"
2023-12-29T17:44:39.945 [Info   ] <main> Closing application!
2023-12-29T17:44:46.395 [Info   ] <main> Configuring application...
2023-12-29T17:44:46.561 [Info   ] <DatabaseManager::getGitlabPrivateKey> file opened?:  false
2023-12-29T17:44:46.561 [Warning] <checkWarnMessage> QIODevice::read (QFile, "key.txt"): device not open
2023-12-29T17:44:46.562 [Warning] <checkWarnMessage> QIODevice::read (QFile, "key.txt"): device not open
2023-12-29T17:44:46.562 [Info   ] <DatabaseManager::getGitlabPrivateKey> GitlabPrivateKey =  ""
2023-12-29T17:44:46.942 [Info   ] <main> Starting the application!
2023-12-29T17:44:47.293 [Error  ] <(anonymous namespace)::testTask> QNetworkReply::AuthenticationRequiredError
2023-12-29T17:44:47.293 [Debug  ] <(anonymous namespace)::testTask> STATUS_CODE =  QVariant(int, 401) DATA =  "{\"message\":\"401 Unauthorized\"}"
2023-12-29T17:44:59.088 [Info   ] <main> Closing application!
